<?xml version="1.0" encoding="UTF-8"?>
<!-- Generated by org.testng.reporters.JUnitReportReporter -->
<testsuite hostname="DELL-INSP-5110" failures="0" tests="1" name="TestClasses.VerifyUserCanLogin" time="30.607" errors="0" timestamp="2024-07-22T22:42:16 IST" skipped="0">
  <testcase classname="TestClasses.VerifyUserCanLogin" name="verifyUserCanLogin" time="30.607"/>
  <system-out/>
</testsuite> <!-- TestClasses.VerifyUserCanLogin -->
